2023-04-02 16:27:29,631 INFO o.a.j.u.JMeterUtils: Setting Locale to en_EN
2023-04-02 16:27:29,670 INFO o.a.j.JMeter: Loading user properties from: /home/twcam/Downloads/apache-jmeter-5.5/bin/user.properties
2023-04-02 16:27:29,671 INFO o.a.j.JMeter: Loading system properties from: /home/twcam/Downloads/apache-jmeter-5.5/bin/system.properties
2023-04-02 16:27:29,671 INFO o.a.j.JMeter: Setting JMeter property: thread.users=100
2023-04-02 16:27:29,672 INFO o.a.j.JMeter: Setting JMeter property: iterations=50
2023-04-02 16:27:29,672 INFO o.a.j.JMeter: Setting JMeter property: rampup=10
2023-04-02 16:27:29,672 INFO o.a.j.JMeter: Setting JMeter property: duration=130
2023-04-02 16:27:29,686 INFO o.a.j.JMeter: Copyright (c) 1998-2022 The Apache Software Foundation
2023-04-02 16:27:29,686 INFO o.a.j.JMeter: Version 5.5
2023-04-02 16:27:29,686 INFO o.a.j.JMeter: java.version=18
2023-04-02 16:27:29,686 INFO o.a.j.JMeter: java.vm.name=OpenJDK 64-Bit Server VM
2023-04-02 16:27:29,686 INFO o.a.j.JMeter: os.name=Linux
2023-04-02 16:27:29,686 INFO o.a.j.JMeter: os.arch=amd64
2023-04-02 16:27:29,686 INFO o.a.j.JMeter: os.version=5.15.0-67-generic
2023-04-02 16:27:29,686 INFO o.a.j.JMeter: file.encoding=UTF-8
2023-04-02 16:27:29,686 INFO o.a.j.JMeter: java.awt.headless=true
2023-04-02 16:27:29,686 INFO o.a.j.JMeter: Max memory     =1073741824
2023-04-02 16:27:29,686 INFO o.a.j.JMeter: Available Processors =3
2023-04-02 16:27:29,699 INFO o.a.j.JMeter: Default Locale=English (EN)
2023-04-02 16:27:29,700 INFO o.a.j.JMeter: JMeter  Locale=English (EN)
2023-04-02 16:27:29,701 INFO o.a.j.JMeter: JMeterHome=/home/twcam/Downloads/apache-jmeter-5.5
2023-04-02 16:27:29,701 INFO o.a.j.JMeter: user.dir  =/home/twcam/cloud/lab2/scripts/jmeter
2023-04-02 16:27:29,702 INFO o.a.j.JMeter: PWD       =/home/twcam/cloud/lab2/scripts/jmeter
2023-04-02 16:27:29,702 INFO o.a.j.JMeter: IP: 127.0.1.1 Name: twcam FullName: twcam
2023-04-02 16:27:29,738 INFO o.a.j.JMeter: Setting property 'jmeter.reportgenerator.outputdir' to:'/home/twcam/cloud/lab2/scripts/jmeter/outputs/one_member/hundred'
2023-04-02 16:27:29,742 INFO o.a.j.s.FileServer: Default base='/home/twcam/cloud/lab2/scripts/jmeter'
2023-04-02 16:27:29,742 INFO o.a.j.s.FileServer: Set new base='/home/twcam/cloud/lab2/scripts/jmeter'
2023-04-02 16:27:30,086 INFO o.a.j.s.SaveService: Testplan (JMX) version: 2.2. Testlog (JTL) version: 2.2
2023-04-02 16:27:30,126 INFO o.a.j.s.SaveService: Using SaveService properties version 5.0
2023-04-02 16:27:30,130 INFO o.a.j.s.SaveService: Using SaveService properties file encoding UTF-8
2023-04-02 16:27:30,136 INFO o.a.j.s.SaveService: Loading file: load-test.jmx
2023-04-02 16:27:30,243 INFO o.a.j.p.h.s.HTTPSamplerBase: Parser for text/html is org.apache.jmeter.protocol.http.parser.LagartoBasedHtmlParser
2023-04-02 16:27:30,244 INFO o.a.j.p.h.s.HTTPSamplerBase: Parser for application/xhtml+xml is org.apache.jmeter.protocol.http.parser.LagartoBasedHtmlParser
2023-04-02 16:27:30,244 INFO o.a.j.p.h.s.HTTPSamplerBase: Parser for application/xml is org.apache.jmeter.protocol.http.parser.LagartoBasedHtmlParser
2023-04-02 16:27:30,244 INFO o.a.j.p.h.s.HTTPSamplerBase: Parser for text/xml is org.apache.jmeter.protocol.http.parser.LagartoBasedHtmlParser
2023-04-02 16:27:30,244 INFO o.a.j.p.h.s.HTTPSamplerBase: Parser for text/vnd.wap.wml is org.apache.jmeter.protocol.http.parser.RegexpHTMLParser
2023-04-02 16:27:30,244 INFO o.a.j.p.h.s.HTTPSamplerBase: Parser for text/css is org.apache.jmeter.protocol.http.parser.CssParser
2023-04-02 16:27:30,250 INFO o.a.j.p.h.c.CookieManager: Settings: Delete null: true Check: true Allow variable: true Save: false Prefix: COOKIE_
2023-04-02 16:27:30,269 INFO o.a.j.JMeter: Creating summariser <summary>
2023-04-02 16:27:30,276 INFO o.a.j.r.d.ReportGenerator: ReportGenerator will use for Parsing the separator: ','
2023-04-02 16:27:30,277 INFO o.a.j.r.d.ReportGenerator: Will generate report at end of test from  results file: resultados/one_hundred.jtl
2023-04-02 16:27:30,278 INFO o.a.j.r.d.ReportGenerator: Reading report generator properties from: /home/twcam/Downloads/apache-jmeter-5.5/bin/reportgenerator.properties
2023-04-02 16:27:30,279 INFO o.a.j.r.d.ReportGenerator: Merging with JMeter properties
2023-04-02 16:27:30,287 INFO o.a.j.r.c.ReportGeneratorConfiguration: Property 'jmeter.reportgenerator.temp_dir' not found, using default value 'temp' instead.
2023-04-02 16:27:30,294 INFO o.a.j.r.c.ReportGeneratorConfiguration: Property 'jmeter.reportgenerator.apdex_per_transaction' not found, using default value 'null' instead.
2023-04-02 16:27:30,294 INFO o.a.j.r.c.ReportGeneratorConfiguration: apdex_per_transaction is empty, not APDEX per transaction customization
2023-04-02 16:27:30,294 INFO o.a.j.r.c.ReportGeneratorConfiguration: Property 'jmeter.reportgenerator.sample_filter' not found, using default value 'null' instead.
2023-04-02 16:27:30,295 INFO o.a.j.r.c.ReportGeneratorConfiguration: Property 'jmeter.reportgenerator.report_title' not found, using default value 'null' instead.
2023-04-02 16:27:30,295 INFO o.a.j.r.c.ReportGeneratorConfiguration: Property 'jmeter.reportgenerator.start_date' not found, using default value 'null' instead.
2023-04-02 16:27:30,295 INFO o.a.j.r.c.ReportGeneratorConfiguration: Property 'jmeter.reportgenerator.end_date' not found, using default value 'null' instead.
2023-04-02 16:27:30,295 INFO o.a.j.r.c.ReportGeneratorConfiguration: Property 'jmeter.reportgenerator.date_format' not found, using default value 'null' instead.
2023-04-02 16:27:30,296 INFO o.a.j.r.c.ReportGeneratorConfiguration: Will use date range start date: null, end date: null
2023-04-02 16:27:30,302 INFO o.a.j.r.c.ReportGeneratorConfiguration: Property 'jmeter.reportgenerator.graph.totalTPS.exclude_controllers' not found, using default value 'false' instead.
2023-04-02 16:27:30,303 INFO o.a.j.r.c.ReportGeneratorConfiguration: Property 'jmeter.reportgenerator.graph.activeThreadsOverTime.exclude_controllers' not found, using default value 'false' instead.
2023-04-02 16:27:30,303 INFO o.a.j.r.c.ReportGeneratorConfiguration: Property 'jmeter.reportgenerator.graph.timeVsThreads.exclude_controllers' not found, using default value 'false' instead.
2023-04-02 16:27:30,304 INFO o.a.j.r.c.ReportGeneratorConfiguration: Property 'jmeter.reportgenerator.graph.responseTimeDistribution.exclude_controllers' not found, using default value 'false' instead.
2023-04-02 16:27:30,304 INFO o.a.j.r.c.ReportGeneratorConfiguration: Property 'jmeter.reportgenerator.graph.transactionsPerSecond.exclude_controllers' not found, using default value 'false' instead.
2023-04-02 16:27:30,304 INFO o.a.j.r.c.ReportGeneratorConfiguration: Property 'jmeter.reportgenerator.graph.responseTimePercentiles.exclude_controllers' not found, using default value 'false' instead.
2023-04-02 16:27:30,304 INFO o.a.j.r.c.ReportGeneratorConfiguration: Property 'jmeter.reportgenerator.graph.responseTimePercentilesOverTime.exclude_controllers' not found, using default value 'false' instead.
2023-04-02 16:27:30,305 INFO o.a.j.r.c.ReportGeneratorConfiguration: Property 'jmeter.reportgenerator.graph.responseTimesOverTime.exclude_controllers' not found, using default value 'false' instead.
2023-04-02 16:27:30,305 INFO o.a.j.r.c.ReportGeneratorConfiguration: Property 'jmeter.reportgenerator.graph.connectTimeOverTime.exclude_controllers' not found, using default value 'false' instead.
2023-04-02 16:27:30,305 INFO o.a.j.r.c.ReportGeneratorConfiguration: Property 'jmeter.reportgenerator.graph.latenciesOverTime.exclude_controllers' not found, using default value 'false' instead.
2023-04-02 16:27:30,307 INFO o.a.j.r.c.ReportGeneratorConfiguration: Property 'jmeter.reportgenerator.exporter.json.filters_only_sample_series' not found, using default value 'true' instead.
2023-04-02 16:27:30,308 INFO o.a.j.r.c.ReportGeneratorConfiguration: Property 'jmeter.reportgenerator.exporter.json.series_filter' not found, using default value '' instead.
2023-04-02 16:27:30,308 INFO o.a.j.r.c.ReportGeneratorConfiguration: Property 'jmeter.reportgenerator.exporter.json.show_controllers_only' not found, using default value 'false' instead.
2023-04-02 16:27:30,308 INFO o.a.j.r.c.ReportGeneratorConfiguration: Property 'jmeter.reportgenerator.exporter.html.filters_only_sample_series' not found, using default value 'true' instead.
2023-04-02 16:27:30,309 INFO o.a.j.r.c.ReportGeneratorConfiguration: Property 'jmeter.reportgenerator.exporter.html.series_filter' not found, using default value '' instead.
2023-04-02 16:27:30,310 INFO o.a.j.r.c.ReportGeneratorConfiguration: Property 'jmeter.reportgenerator.exporter.html.show_controllers_only' not found, using default value 'false' instead.
2023-04-02 16:27:30,331 INFO o.a.j.e.StandardJMeterEngine: Running the test!
2023-04-02 16:27:30,332 INFO o.a.j.s.SampleEvent: List of sample_variables: []
2023-04-02 16:27:30,333 INFO o.a.j.s.SampleEvent: List of sample_variables: []
2023-04-02 16:27:30,350 INFO o.a.j.e.u.CompoundVariable: Note: Function class names must contain the string: '.functions.'
2023-04-02 16:27:30,351 INFO o.a.j.e.u.CompoundVariable: Note: Function class names must not contain the string: '.gui.'
2023-04-02 16:27:30,523 INFO o.a.j.JMeter: Running test (1680445650523)
2023-04-02 16:27:30,590 INFO o.a.j.e.StandardJMeterEngine: Starting ThreadGroup: 1 : Thread_Group_LoadBalancer_1
2023-04-02 16:27:30,590 INFO o.a.j.e.StandardJMeterEngine: Starting 100 threads for group Thread_Group_LoadBalancer_1.
2023-04-02 16:27:30,591 INFO o.a.j.e.StandardJMeterEngine: Thread will continue on error
2023-04-02 16:27:30,592 INFO o.a.j.t.ThreadGroup: Starting thread group... number=1 threads=100 ramp-up=10 delayedStart=false
2023-04-02 16:27:30,604 INFO o.a.j.t.JMeterThread: Thread started: Thread_Group_LoadBalancer_1 1-1
2023-04-02 16:27:30,647 INFO o.a.j.p.h.s.HTTPHCAbstractImpl: Local host = twcam
2023-04-02 16:27:30,671 INFO o.a.j.p.h.s.HTTPHC4Impl: HTTP request retry count = 0
2023-04-02 16:27:30,673 INFO o.a.j.s.SampleResult: Note: Sample TimeStamps are START times
2023-04-02 16:27:30,673 INFO o.a.j.s.SampleResult: sampleresult.default.encoding is set to ISO-8859-1
2023-04-02 16:27:30,674 INFO o.a.j.s.SampleResult: sampleresult.useNanoTime=true
2023-04-02 16:27:30,674 INFO o.a.j.s.SampleResult: sampleresult.nanoThreadSleep=5000
2023-04-02 16:27:30,704 INFO o.a.j.t.JMeterThread: Thread started: Thread_Group_LoadBalancer_1 1-2
2023-04-02 16:27:30,802 INFO o.a.j.t.JMeterThread: Thread started: Thread_Group_LoadBalancer_1 1-3
2023-04-02 16:27:30,844 INFO o.a.j.t.ThreadGroup: Started thread group number 1
2023-04-02 16:27:30,844 INFO o.a.j.e.StandardJMeterEngine: All thread groups have been started
2023-04-02 16:27:30,906 INFO o.a.j.t.JMeterThread: Thread started: Thread_Group_LoadBalancer_1 1-4
2023-04-02 16:27:30,914 INFO o.a.j.r.Summariser: summary +      1 in 00:00:00 =    2.5/s Avg:   148 Min:   148 Max:   148 Err:     0 (0.00%) Active: 4 Started: 4 Finished: 0
2023-04-02 16:27:30,998 INFO o.a.j.t.JMeterThread: Thread started: Thread_Group_LoadBalancer_1 1-5
2023-04-02 16:27:31,094 INFO o.a.j.t.JMeterThread: Thread started: Thread_Group_LoadBalancer_1 1-6
2023-04-02 16:27:31,205 INFO o.a.j.t.JMeterThread: Thread started: Thread_Group_LoadBalancer_1 1-7
2023-04-02 16:27:31,300 INFO o.a.j.t.JMeterThread: Thread started: Thread_Group_LoadBalancer_1 1-8
2023-04-02 16:27:31,410 INFO o.a.j.t.JMeterThread: Thread started: Thread_Group_LoadBalancer_1 1-9
2023-04-02 16:27:31,502 INFO o.a.j.t.JMeterThread: Thread started: Thread_Group_LoadBalancer_1 1-10
2023-04-02 16:27:31,614 INFO o.a.j.t.JMeterThread: Thread started: Thread_Group_LoadBalancer_1 1-11
2023-04-02 16:27:31,706 INFO o.a.j.t.JMeterThread: Thread started: Thread_Group_LoadBalancer_1 1-12
2023-04-02 16:27:31,800 INFO o.a.j.t.JMeterThread: Thread started: Thread_Group_LoadBalancer_1 1-13
2023-04-02 16:27:31,912 INFO o.a.j.t.JMeterThread: Thread started: Thread_Group_LoadBalancer_1 1-14
2023-04-02 16:27:32,005 INFO o.a.j.t.JMeterThread: Thread started: Thread_Group_LoadBalancer_1 1-15
2023-04-02 16:27:32,099 INFO o.a.j.t.JMeterThread: Thread started: Thread_Group_LoadBalancer_1 1-16
2023-04-02 16:27:32,206 INFO o.a.j.t.JMeterThread: Thread started: Thread_Group_LoadBalancer_1 1-17
2023-04-02 16:27:32,306 INFO o.a.j.t.JMeterThread: Thread started: Thread_Group_LoadBalancer_1 1-18
2023-04-02 16:27:32,394 INFO o.a.j.t.JMeterThread: Thread started: Thread_Group_LoadBalancer_1 1-19
2023-04-02 16:27:32,493 INFO o.a.j.t.JMeterThread: Thread started: Thread_Group_LoadBalancer_1 1-20
2023-04-02 16:27:32,607 INFO o.a.j.t.JMeterThread: Thread started: Thread_Group_LoadBalancer_1 1-21
2023-04-02 16:27:32,712 INFO o.a.j.t.JMeterThread: Thread started: Thread_Group_LoadBalancer_1 1-22
2023-04-02 16:27:32,794 INFO o.a.j.t.JMeterThread: Thread started: Thread_Group_LoadBalancer_1 1-23
2023-04-02 16:27:32,899 INFO o.a.j.t.JMeterThread: Thread started: Thread_Group_LoadBalancer_1 1-24
2023-04-02 16:27:33,004 INFO o.a.j.t.JMeterThread: Thread started: Thread_Group_LoadBalancer_1 1-25
2023-04-02 16:27:33,114 INFO o.a.j.t.JMeterThread: Thread started: Thread_Group_LoadBalancer_1 1-26
2023-04-02 16:27:33,194 INFO o.a.j.t.JMeterThread: Thread started: Thread_Group_LoadBalancer_1 1-27
2023-04-02 16:27:33,294 INFO o.a.j.t.JMeterThread: Thread started: Thread_Group_LoadBalancer_1 1-28
2023-04-02 16:27:33,418 INFO o.a.j.t.JMeterThread: Thread started: Thread_Group_LoadBalancer_1 1-29
2023-04-02 16:27:33,494 INFO o.a.j.t.JMeterThread: Thread started: Thread_Group_LoadBalancer_1 1-30
2023-04-02 16:27:33,654 INFO o.a.j.t.JMeterThread: Thread started: Thread_Group_LoadBalancer_1 1-31
2023-04-02 16:27:33,704 INFO o.a.j.t.JMeterThread: Thread started: Thread_Group_LoadBalancer_1 1-32
2023-04-02 16:27:33,806 INFO o.a.j.t.JMeterThread: Thread started: Thread_Group_LoadBalancer_1 1-33
2023-04-02 16:27:33,914 INFO o.a.j.t.JMeterThread: Thread started: Thread_Group_LoadBalancer_1 1-34
2023-04-02 16:27:34,006 INFO o.a.j.t.JMeterThread: Thread started: Thread_Group_LoadBalancer_1 1-35
2023-04-02 16:27:34,094 INFO o.a.j.t.JMeterThread: Thread started: Thread_Group_LoadBalancer_1 1-36
2023-04-02 16:27:34,208 INFO o.a.j.t.JMeterThread: Thread started: Thread_Group_LoadBalancer_1 1-37
2023-04-02 16:27:34,298 INFO o.a.j.t.JMeterThread: Thread started: Thread_Group_LoadBalancer_1 1-38
2023-04-02 16:27:34,410 INFO o.a.j.t.JMeterThread: Thread started: Thread_Group_LoadBalancer_1 1-39
2023-04-02 16:27:34,494 INFO o.a.j.t.JMeterThread: Thread started: Thread_Group_LoadBalancer_1 1-40
2023-04-02 16:27:34,602 INFO o.a.j.t.JMeterThread: Thread started: Thread_Group_LoadBalancer_1 1-41
2023-04-02 16:27:34,708 INFO o.a.j.t.JMeterThread: Thread started: Thread_Group_LoadBalancer_1 1-42
2023-04-02 16:27:34,798 INFO o.a.j.t.JMeterThread: Thread started: Thread_Group_LoadBalancer_1 1-43
2023-04-02 16:27:34,913 INFO o.a.j.t.JMeterThread: Thread started: Thread_Group_LoadBalancer_1 1-44
2023-04-02 16:27:35,002 INFO o.a.j.t.JMeterThread: Thread started: Thread_Group_LoadBalancer_1 1-45
2023-04-02 16:27:35,114 INFO o.a.j.t.JMeterThread: Thread started: Thread_Group_LoadBalancer_1 1-46
2023-04-02 16:27:35,222 INFO o.a.j.t.JMeterThread: Thread started: Thread_Group_LoadBalancer_1 1-47
2023-04-02 16:27:35,300 INFO o.a.j.t.JMeterThread: Thread is done: Thread_Group_LoadBalancer_1 1-2
2023-04-02 16:27:35,310 INFO o.a.j.t.JMeterThread: Thread finished: Thread_Group_LoadBalancer_1 1-2
2023-04-02 16:27:35,314 INFO o.a.j.t.JMeterThread: Thread started: Thread_Group_LoadBalancer_1 1-48
2023-04-02 16:27:35,396 INFO o.a.j.t.JMeterThread: Thread is done: Thread_Group_LoadBalancer_1 1-3
2023-04-02 16:27:35,396 INFO o.a.j.t.JMeterThread: Thread finished: Thread_Group_LoadBalancer_1 1-3
2023-04-02 16:27:35,410 INFO o.a.j.t.JMeterThread: Thread started: Thread_Group_LoadBalancer_1 1-49
2023-04-02 16:27:35,494 INFO o.a.j.t.JMeterThread: Thread is done: Thread_Group_LoadBalancer_1 1-5
2023-04-02 16:27:35,494 INFO o.a.j.t.JMeterThread: Thread finished: Thread_Group_LoadBalancer_1 1-5
2023-04-02 16:27:35,502 INFO o.a.j.t.JMeterThread: Thread started: Thread_Group_LoadBalancer_1 1-50
2023-04-02 16:27:35,598 INFO o.a.j.t.JMeterThread: Thread started: Thread_Group_LoadBalancer_1 1-51
2023-04-02 16:27:35,644 INFO o.a.j.t.JMeterThread: Thread is done: Thread_Group_LoadBalancer_1 1-6
2023-04-02 16:27:35,645 INFO o.a.j.t.JMeterThread: Thread finished: Thread_Group_LoadBalancer_1 1-6
2023-04-02 16:27:35,786 INFO o.a.j.t.JMeterThread: Thread started: Thread_Group_LoadBalancer_1 1-52
2023-04-02 16:27:35,798 INFO o.a.j.t.JMeterThread: Thread started: Thread_Group_LoadBalancer_1 1-53
2023-04-02 16:27:35,907 INFO o.a.j.t.JMeterThread: Thread started: Thread_Group_LoadBalancer_1 1-54
2023-04-02 16:27:35,910 INFO o.a.j.t.JMeterThread: Thread is done: Thread_Group_LoadBalancer_1 1-1
2023-04-02 16:27:35,910 INFO o.a.j.t.JMeterThread: Thread finished: Thread_Group_LoadBalancer_1 1-1
2023-04-02 16:27:36,018 INFO o.a.j.t.JMeterThread: Thread started: Thread_Group_LoadBalancer_1 1-55
2023-04-02 16:27:36,102 INFO o.a.j.t.JMeterThread: Thread started: Thread_Group_LoadBalancer_1 1-56
2023-04-02 16:27:36,205 INFO o.a.j.t.JMeterThread: Thread started: Thread_Group_LoadBalancer_1 1-57
2023-04-02 16:27:36,302 INFO o.a.j.t.JMeterThread: Thread started: Thread_Group_LoadBalancer_1 1-58
2023-04-02 16:27:36,406 INFO o.a.j.t.JMeterThread: Thread started: Thread_Group_LoadBalancer_1 1-59
2023-04-02 16:27:36,495 INFO o.a.j.t.JMeterThread: Thread started: Thread_Group_LoadBalancer_1 1-60
2023-04-02 16:27:36,598 INFO o.a.j.t.JMeterThread: Thread started: Thread_Group_LoadBalancer_1 1-61
2023-04-02 16:27:36,598 INFO o.a.j.t.JMeterThread: Thread is done: Thread_Group_LoadBalancer_1 1-8
2023-04-02 16:27:36,598 INFO o.a.j.t.JMeterThread: Thread finished: Thread_Group_LoadBalancer_1 1-8
2023-04-02 16:27:36,710 INFO o.a.j.t.JMeterThread: Thread is done: Thread_Group_LoadBalancer_1 1-4
2023-04-02 16:27:36,710 INFO o.a.j.t.JMeterThread: Thread finished: Thread_Group_LoadBalancer_1 1-4
2023-04-02 16:27:36,718 INFO o.a.j.t.JMeterThread: Thread started: Thread_Group_LoadBalancer_1 1-62
2023-04-02 16:27:36,802 INFO o.a.j.t.JMeterThread: Thread started: Thread_Group_LoadBalancer_1 1-63
2023-04-02 16:27:36,910 INFO o.a.j.t.JMeterThread: Thread started: Thread_Group_LoadBalancer_1 1-64
2023-04-02 16:27:37,004 INFO o.a.j.t.JMeterThread: Thread started: Thread_Group_LoadBalancer_1 1-65
2023-04-02 16:27:37,105 INFO o.a.j.t.JMeterThread: Thread started: Thread_Group_LoadBalancer_1 1-66
2023-04-02 16:27:37,101 INFO o.a.j.t.JMeterThread: Thread is done: Thread_Group_LoadBalancer_1 1-9
2023-04-02 16:27:37,143 INFO o.a.j.t.JMeterThread: Thread finished: Thread_Group_LoadBalancer_1 1-9
2023-04-02 16:27:37,204 INFO o.a.j.t.JMeterThread: Thread started: Thread_Group_LoadBalancer_1 1-67
2023-04-02 16:27:37,298 INFO o.a.j.t.JMeterThread: Thread started: Thread_Group_LoadBalancer_1 1-68
2023-04-02 16:27:37,500 INFO o.a.j.t.JMeterThread: Thread started: Thread_Group_LoadBalancer_1 1-70
2023-04-02 16:27:37,503 INFO o.a.j.t.JMeterThread: Thread started: Thread_Group_LoadBalancer_1 1-69
2023-04-02 16:27:37,598 INFO o.a.j.t.JMeterThread: Thread started: Thread_Group_LoadBalancer_1 1-71
2023-04-02 16:27:37,675 INFO o.a.j.t.JMeterThread: Thread is done: Thread_Group_LoadBalancer_1 1-7
2023-04-02 16:27:37,675 INFO o.a.j.t.JMeterThread: Thread finished: Thread_Group_LoadBalancer_1 1-7
2023-04-02 16:27:37,696 INFO o.a.j.t.JMeterThread: Thread started: Thread_Group_LoadBalancer_1 1-72
2023-04-02 16:27:37,797 INFO o.a.j.t.JMeterThread: Thread started: Thread_Group_LoadBalancer_1 1-73
2023-04-02 16:27:37,897 INFO o.a.j.t.JMeterThread: Thread started: Thread_Group_LoadBalancer_1 1-74
2023-04-02 16:27:37,995 INFO o.a.j.t.JMeterThread: Thread started: Thread_Group_LoadBalancer_1 1-75
2023-04-02 16:27:38,095 INFO o.a.j.t.JMeterThread: Thread started: Thread_Group_LoadBalancer_1 1-76
2023-04-02 16:27:38,201 INFO o.a.j.t.JMeterThread: Thread started: Thread_Group_LoadBalancer_1 1-77
2023-04-02 16:27:38,271 INFO o.a.j.t.JMeterThread: Thread is done: Thread_Group_LoadBalancer_1 1-12
2023-04-02 16:27:38,279 INFO o.a.j.t.JMeterThread: Thread finished: Thread_Group_LoadBalancer_1 1-12
2023-04-02 16:27:38,303 INFO o.a.j.t.JMeterThread: Thread started: Thread_Group_LoadBalancer_1 1-78
2023-04-02 16:27:38,401 INFO o.a.j.t.JMeterThread: Thread started: Thread_Group_LoadBalancer_1 1-79
2023-04-02 16:27:38,499 INFO o.a.j.t.JMeterThread: Thread started: Thread_Group_LoadBalancer_1 1-80
2023-04-02 16:27:38,598 INFO o.a.j.t.JMeterThread: Thread started: Thread_Group_LoadBalancer_1 1-81
2023-04-02 16:27:38,701 INFO o.a.j.t.JMeterThread: Thread started: Thread_Group_LoadBalancer_1 1-82
2023-04-02 16:27:38,783 INFO o.a.j.t.JMeterThread: Thread is done: Thread_Group_LoadBalancer_1 1-11
2023-04-02 16:27:38,791 INFO o.a.j.t.JMeterThread: Thread finished: Thread_Group_LoadBalancer_1 1-11
2023-04-02 16:27:38,801 INFO o.a.j.t.JMeterThread: Thread started: Thread_Group_LoadBalancer_1 1-83
2023-04-02 16:27:38,901 INFO o.a.j.t.JMeterThread: Thread started: Thread_Group_LoadBalancer_1 1-84
2023-04-02 16:27:38,983 INFO o.a.j.t.JMeterThread: Thread is done: Thread_Group_LoadBalancer_1 1-10
2023-04-02 16:27:38,983 INFO o.a.j.t.JMeterThread: Thread finished: Thread_Group_LoadBalancer_1 1-10
2023-04-02 16:27:39,017 INFO o.a.j.t.JMeterThread: Thread started: Thread_Group_LoadBalancer_1 1-85
2023-04-02 16:27:39,115 INFO o.a.j.t.JMeterThread: Thread started: Thread_Group_LoadBalancer_1 1-86
2023-04-02 16:27:39,199 INFO o.a.j.t.JMeterThread: Thread started: Thread_Group_LoadBalancer_1 1-87
2023-04-02 16:27:39,251 INFO o.a.j.t.JMeterThread: Thread is done: Thread_Group_LoadBalancer_1 1-13
2023-04-02 16:27:39,251 INFO o.a.j.t.JMeterThread: Thread finished: Thread_Group_LoadBalancer_1 1-13
2023-04-02 16:27:39,263 INFO o.a.j.t.JMeterThread: Thread is done: Thread_Group_LoadBalancer_1 1-14
2023-04-02 16:27:39,277 INFO o.a.j.t.JMeterThread: Thread finished: Thread_Group_LoadBalancer_1 1-14
2023-04-02 16:27:39,303 INFO o.a.j.t.JMeterThread: Thread started: Thread_Group_LoadBalancer_1 1-88
2023-04-02 16:27:39,411 INFO o.a.j.t.JMeterThread: Thread started: Thread_Group_LoadBalancer_1 1-89
2023-04-02 16:27:39,499 INFO o.a.j.t.JMeterThread: Thread started: Thread_Group_LoadBalancer_1 1-90
2023-04-02 16:27:39,611 INFO o.a.j.t.JMeterThread: Thread started: Thread_Group_LoadBalancer_1 1-91
2023-04-02 16:27:39,700 INFO o.a.j.t.JMeterThread: Thread started: Thread_Group_LoadBalancer_1 1-92
2023-04-02 16:27:39,811 INFO o.a.j.t.JMeterThread: Thread started: Thread_Group_LoadBalancer_1 1-93
2023-04-02 16:27:39,880 INFO o.a.j.t.JMeterThread: Thread is done: Thread_Group_LoadBalancer_1 1-15
2023-04-02 16:27:39,881 INFO o.a.j.t.JMeterThread: Thread finished: Thread_Group_LoadBalancer_1 1-15
2023-04-02 16:27:39,906 INFO o.a.j.t.JMeterThread: Thread started: Thread_Group_LoadBalancer_1 1-94
2023-04-02 16:27:40,002 INFO o.a.j.t.JMeterThread: Thread started: Thread_Group_LoadBalancer_1 1-95
2023-04-02 16:27:40,103 INFO o.a.j.t.JMeterThread: Thread started: Thread_Group_LoadBalancer_1 1-96
2023-04-02 16:27:40,215 INFO o.a.j.t.JMeterThread: Thread started: Thread_Group_LoadBalancer_1 1-97
2023-04-02 16:27:40,306 INFO o.a.j.t.JMeterThread: Thread started: Thread_Group_LoadBalancer_1 1-98
2023-04-02 16:27:40,406 INFO o.a.j.t.JMeterThread: Thread started: Thread_Group_LoadBalancer_1 1-99
2023-04-02 16:27:40,499 INFO o.a.j.t.JMeterThread: Thread started: Thread_Group_LoadBalancer_1 1-100
2023-04-02 16:27:40,591 INFO o.a.j.t.JMeterThread: Thread is done: Thread_Group_LoadBalancer_1 1-17
2023-04-02 16:27:40,591 INFO o.a.j.t.JMeterThread: Thread finished: Thread_Group_LoadBalancer_1 1-17
2023-04-02 16:27:41,447 INFO o.a.j.t.JMeterThread: Thread is done: Thread_Group_LoadBalancer_1 1-16
2023-04-02 16:27:41,447 INFO o.a.j.t.JMeterThread: Thread finished: Thread_Group_LoadBalancer_1 1-16
2023-04-02 16:27:41,547 INFO o.a.j.t.JMeterThread: Thread is done: Thread_Group_LoadBalancer_1 1-20
2023-04-02 16:27:41,579 INFO o.a.j.t.JMeterThread: Thread finished: Thread_Group_LoadBalancer_1 1-20
2023-04-02 16:27:41,599 INFO o.a.j.t.JMeterThread: Thread is done: Thread_Group_LoadBalancer_1 1-19
2023-04-02 16:27:41,603 INFO o.a.j.t.JMeterThread: Thread finished: Thread_Group_LoadBalancer_1 1-19
2023-04-02 16:27:41,719 INFO o.a.j.t.JMeterThread: Thread is done: Thread_Group_LoadBalancer_1 1-18
2023-04-02 16:27:41,719 INFO o.a.j.t.JMeterThread: Thread finished: Thread_Group_LoadBalancer_1 1-18
2023-04-02 16:27:42,791 INFO o.a.j.t.JMeterThread: Thread is done: Thread_Group_LoadBalancer_1 1-21
2023-04-02 16:27:42,791 INFO o.a.j.t.JMeterThread: Thread finished: Thread_Group_LoadBalancer_1 1-21
2023-04-02 16:27:44,384 INFO o.a.j.t.JMeterThread: Thread is done: Thread_Group_LoadBalancer_1 1-25
2023-04-02 16:27:44,385 INFO o.a.j.t.JMeterThread: Thread finished: Thread_Group_LoadBalancer_1 1-25
2023-04-02 16:27:44,527 INFO o.a.j.t.JMeterThread: Thread is done: Thread_Group_LoadBalancer_1 1-23
2023-04-02 16:27:44,527 INFO o.a.j.t.JMeterThread: Thread finished: Thread_Group_LoadBalancer_1 1-23
2023-04-02 16:27:44,563 INFO o.a.j.t.JMeterThread: Thread is done: Thread_Group_LoadBalancer_1 1-24
2023-04-02 16:27:44,563 INFO o.a.j.t.JMeterThread: Thread finished: Thread_Group_LoadBalancer_1 1-24
2023-04-02 16:27:44,823 INFO o.a.j.t.JMeterThread: Thread is done: Thread_Group_LoadBalancer_1 1-22
2023-04-02 16:27:44,823 INFO o.a.j.t.JMeterThread: Thread finished: Thread_Group_LoadBalancer_1 1-22
2023-04-02 16:27:45,723 INFO o.a.j.t.JMeterThread: Thread is done: Thread_Group_LoadBalancer_1 1-26
2023-04-02 16:27:45,723 INFO o.a.j.t.JMeterThread: Thread finished: Thread_Group_LoadBalancer_1 1-26
2023-04-02 16:27:46,019 INFO o.a.j.t.JMeterThread: Thread is done: Thread_Group_LoadBalancer_1 1-28
2023-04-02 16:27:46,019 INFO o.a.j.t.JMeterThread: Thread finished: Thread_Group_LoadBalancer_1 1-28
2023-04-02 16:27:46,443 INFO o.a.j.t.JMeterThread: Thread is done: Thread_Group_LoadBalancer_1 1-27
2023-04-02 16:27:46,443 INFO o.a.j.t.JMeterThread: Thread finished: Thread_Group_LoadBalancer_1 1-27
2023-04-02 16:27:46,607 INFO o.a.j.t.JMeterThread: Thread is done: Thread_Group_LoadBalancer_1 1-29
2023-04-02 16:27:46,619 INFO o.a.j.t.JMeterThread: Thread finished: Thread_Group_LoadBalancer_1 1-29
2023-04-02 16:27:47,011 INFO o.a.j.t.JMeterThread: Thread is done: Thread_Group_LoadBalancer_1 1-31
2023-04-02 16:27:47,011 INFO o.a.j.t.JMeterThread: Thread finished: Thread_Group_LoadBalancer_1 1-31
2023-04-02 16:27:47,143 INFO o.a.j.t.JMeterThread: Thread is done: Thread_Group_LoadBalancer_1 1-32
2023-04-02 16:27:47,163 INFO o.a.j.t.JMeterThread: Thread finished: Thread_Group_LoadBalancer_1 1-32
2023-04-02 16:27:47,195 INFO o.a.j.t.JMeterThread: Thread is done: Thread_Group_LoadBalancer_1 1-30
2023-04-02 16:27:47,195 INFO o.a.j.t.JMeterThread: Thread finished: Thread_Group_LoadBalancer_1 1-30
2023-04-02 16:27:47,795 INFO o.a.j.t.JMeterThread: Thread is done: Thread_Group_LoadBalancer_1 1-33
2023-04-02 16:27:47,795 INFO o.a.j.t.JMeterThread: Thread finished: Thread_Group_LoadBalancer_1 1-33
2023-04-02 16:27:47,853 INFO o.a.j.t.JMeterThread: Thread is done: Thread_Group_LoadBalancer_1 1-36
2023-04-02 16:27:47,855 INFO o.a.j.t.JMeterThread: Thread finished: Thread_Group_LoadBalancer_1 1-36
2023-04-02 16:27:47,939 INFO o.a.j.t.JMeterThread: Thread is done: Thread_Group_LoadBalancer_1 1-34
2023-04-02 16:27:47,963 INFO o.a.j.t.JMeterThread: Thread finished: Thread_Group_LoadBalancer_1 1-34
2023-04-02 16:27:48,103 INFO o.a.j.t.JMeterThread: Thread is done: Thread_Group_LoadBalancer_1 1-35
2023-04-02 16:27:48,103 INFO o.a.j.t.JMeterThread: Thread finished: Thread_Group_LoadBalancer_1 1-35
2023-04-02 16:27:48,144 INFO o.a.j.t.JMeterThread: Thread is done: Thread_Group_LoadBalancer_1 1-37
2023-04-02 16:27:48,145 INFO o.a.j.t.JMeterThread: Thread finished: Thread_Group_LoadBalancer_1 1-37
2023-04-02 16:27:48,748 INFO o.a.j.t.JMeterThread: Thread is done: Thread_Group_LoadBalancer_1 1-39
2023-04-02 16:27:48,749 INFO o.a.j.t.JMeterThread: Thread finished: Thread_Group_LoadBalancer_1 1-39
2023-04-02 16:27:49,179 INFO o.a.j.t.JMeterThread: Thread is done: Thread_Group_LoadBalancer_1 1-41
2023-04-02 16:27:49,225 INFO o.a.j.t.JMeterThread: Thread finished: Thread_Group_LoadBalancer_1 1-41
2023-04-02 16:27:49,403 INFO o.a.j.t.JMeterThread: Thread is done: Thread_Group_LoadBalancer_1 1-38
2023-04-02 16:27:49,403 INFO o.a.j.t.JMeterThread: Thread finished: Thread_Group_LoadBalancer_1 1-38
2023-04-02 16:27:49,507 INFO o.a.j.t.JMeterThread: Thread is done: Thread_Group_LoadBalancer_1 1-40
2023-04-02 16:27:49,511 INFO o.a.j.t.JMeterThread: Thread finished: Thread_Group_LoadBalancer_1 1-40
2023-04-02 16:27:49,563 INFO o.a.j.t.JMeterThread: Thread is done: Thread_Group_LoadBalancer_1 1-42
2023-04-02 16:27:49,563 INFO o.a.j.t.JMeterThread: Thread finished: Thread_Group_LoadBalancer_1 1-42
2023-04-02 16:27:49,725 INFO o.a.j.t.JMeterThread: Thread is done: Thread_Group_LoadBalancer_1 1-45
2023-04-02 16:27:49,726 INFO o.a.j.t.JMeterThread: Thread finished: Thread_Group_LoadBalancer_1 1-45
2023-04-02 16:27:49,807 INFO o.a.j.t.JMeterThread: Thread is done: Thread_Group_LoadBalancer_1 1-43
2023-04-02 16:27:49,807 INFO o.a.j.t.JMeterThread: Thread finished: Thread_Group_LoadBalancer_1 1-43
2023-04-02 16:27:50,266 INFO o.a.j.t.JMeterThread: Thread is done: Thread_Group_LoadBalancer_1 1-50
2023-04-02 16:27:50,267 INFO o.a.j.t.JMeterThread: Thread finished: Thread_Group_LoadBalancer_1 1-50
2023-04-02 16:27:50,275 INFO o.a.j.t.JMeterThread: Thread is done: Thread_Group_LoadBalancer_1 1-46
2023-04-02 16:27:50,275 INFO o.a.j.t.JMeterThread: Thread finished: Thread_Group_LoadBalancer_1 1-46
2023-04-02 16:27:50,413 INFO o.a.j.t.JMeterThread: Thread is done: Thread_Group_LoadBalancer_1 1-44
2023-04-02 16:27:50,428 INFO o.a.j.t.JMeterThread: Thread finished: Thread_Group_LoadBalancer_1 1-44
2023-04-02 16:27:50,588 INFO o.a.j.t.JMeterThread: Thread is done: Thread_Group_LoadBalancer_1 1-49
2023-04-02 16:27:50,589 INFO o.a.j.t.JMeterThread: Thread finished: Thread_Group_LoadBalancer_1 1-49
2023-04-02 16:27:50,679 INFO o.a.j.t.JMeterThread: Thread is done: Thread_Group_LoadBalancer_1 1-47
2023-04-02 16:27:50,683 INFO o.a.j.t.JMeterThread: Thread finished: Thread_Group_LoadBalancer_1 1-47
2023-04-02 16:27:50,803 INFO o.a.j.t.JMeterThread: Thread is done: Thread_Group_LoadBalancer_1 1-48
2023-04-02 16:27:50,803 INFO o.a.j.t.JMeterThread: Thread finished: Thread_Group_LoadBalancer_1 1-48
2023-04-02 16:27:51,771 INFO o.a.j.t.JMeterThread: Thread is done: Thread_Group_LoadBalancer_1 1-51
2023-04-02 16:27:51,795 INFO o.a.j.t.JMeterThread: Thread finished: Thread_Group_LoadBalancer_1 1-51
2023-04-02 16:27:51,858 INFO o.a.j.t.JMeterThread: Thread is done: Thread_Group_LoadBalancer_1 1-54
2023-04-02 16:27:51,878 INFO o.a.j.t.JMeterThread: Thread finished: Thread_Group_LoadBalancer_1 1-54
2023-04-02 16:27:52,091 INFO o.a.j.t.JMeterThread: Thread is done: Thread_Group_LoadBalancer_1 1-52
2023-04-02 16:27:52,091 INFO o.a.j.t.JMeterThread: Thread finished: Thread_Group_LoadBalancer_1 1-52
2023-04-02 16:27:52,127 INFO o.a.j.t.JMeterThread: Thread is done: Thread_Group_LoadBalancer_1 1-53
2023-04-02 16:27:52,127 INFO o.a.j.t.JMeterThread: Thread finished: Thread_Group_LoadBalancer_1 1-53
2023-04-02 16:27:52,250 INFO o.a.j.t.JMeterThread: Thread is done: Thread_Group_LoadBalancer_1 1-56
2023-04-02 16:27:52,251 INFO o.a.j.t.JMeterThread: Thread finished: Thread_Group_LoadBalancer_1 1-56
2023-04-02 16:27:52,499 INFO o.a.j.t.JMeterThread: Thread is done: Thread_Group_LoadBalancer_1 1-63
2023-04-02 16:27:52,500 INFO o.a.j.t.JMeterThread: Thread finished: Thread_Group_LoadBalancer_1 1-63
2023-04-02 16:27:52,571 INFO o.a.j.t.JMeterThread: Thread is done: Thread_Group_LoadBalancer_1 1-55
2023-04-02 16:27:52,572 INFO o.a.j.t.JMeterThread: Thread finished: Thread_Group_LoadBalancer_1 1-55
2023-04-02 16:27:52,643 INFO o.a.j.t.JMeterThread: Thread is done: Thread_Group_LoadBalancer_1 1-60
2023-04-02 16:27:52,643 INFO o.a.j.t.JMeterThread: Thread finished: Thread_Group_LoadBalancer_1 1-60
2023-04-02 16:27:52,684 INFO o.a.j.t.JMeterThread: Thread is done: Thread_Group_LoadBalancer_1 1-57
2023-04-02 16:27:52,686 INFO o.a.j.t.JMeterThread: Thread finished: Thread_Group_LoadBalancer_1 1-57
2023-04-02 16:27:52,803 INFO o.a.j.t.JMeterThread: Thread is done: Thread_Group_LoadBalancer_1 1-59
2023-04-02 16:27:52,804 INFO o.a.j.t.JMeterThread: Thread finished: Thread_Group_LoadBalancer_1 1-59
2023-04-02 16:27:52,935 INFO o.a.j.t.JMeterThread: Thread is done: Thread_Group_LoadBalancer_1 1-58
2023-04-02 16:27:52,935 INFO o.a.j.t.JMeterThread: Thread finished: Thread_Group_LoadBalancer_1 1-58
2023-04-02 16:27:52,977 INFO o.a.j.t.JMeterThread: Thread is done: Thread_Group_LoadBalancer_1 1-61
2023-04-02 16:27:52,977 INFO o.a.j.t.JMeterThread: Thread finished: Thread_Group_LoadBalancer_1 1-61
2023-04-02 16:27:53,111 INFO o.a.j.t.JMeterThread: Thread is done: Thread_Group_LoadBalancer_1 1-62
2023-04-02 16:27:53,111 INFO o.a.j.t.JMeterThread: Thread finished: Thread_Group_LoadBalancer_1 1-62
2023-04-02 16:27:53,177 INFO o.a.j.t.JMeterThread: Thread is done: Thread_Group_LoadBalancer_1 1-65
2023-04-02 16:27:53,178 INFO o.a.j.t.JMeterThread: Thread finished: Thread_Group_LoadBalancer_1 1-65
2023-04-02 16:27:53,272 INFO o.a.j.t.JMeterThread: Thread is done: Thread_Group_LoadBalancer_1 1-64
2023-04-02 16:27:53,272 INFO o.a.j.t.JMeterThread: Thread finished: Thread_Group_LoadBalancer_1 1-64
2023-04-02 16:27:53,347 INFO o.a.j.t.JMeterThread: Thread is done: Thread_Group_LoadBalancer_1 1-66
2023-04-02 16:27:53,351 INFO o.a.j.t.JMeterThread: Thread finished: Thread_Group_LoadBalancer_1 1-66
2023-04-02 16:27:53,480 INFO o.a.j.t.JMeterThread: Thread is done: Thread_Group_LoadBalancer_1 1-67
2023-04-02 16:27:53,480 INFO o.a.j.t.JMeterThread: Thread finished: Thread_Group_LoadBalancer_1 1-67
2023-04-02 16:27:53,659 INFO o.a.j.t.JMeterThread: Thread is done: Thread_Group_LoadBalancer_1 1-71
2023-04-02 16:27:53,659 INFO o.a.j.t.JMeterThread: Thread finished: Thread_Group_LoadBalancer_1 1-71
2023-04-02 16:27:53,755 INFO o.a.j.t.JMeterThread: Thread is done: Thread_Group_LoadBalancer_1 1-70
2023-04-02 16:27:53,755 INFO o.a.j.t.JMeterThread: Thread finished: Thread_Group_LoadBalancer_1 1-70
2023-04-02 16:27:53,755 INFO o.a.j.t.JMeterThread: Thread is done: Thread_Group_LoadBalancer_1 1-75
2023-04-02 16:27:53,755 INFO o.a.j.t.JMeterThread: Thread finished: Thread_Group_LoadBalancer_1 1-75
2023-04-02 16:27:53,855 INFO o.a.j.t.JMeterThread: Thread is done: Thread_Group_LoadBalancer_1 1-68
2023-04-02 16:27:53,940 INFO o.a.j.t.JMeterThread: Thread finished: Thread_Group_LoadBalancer_1 1-68
2023-04-02 16:27:53,927 INFO o.a.j.t.JMeterThread: Thread is done: Thread_Group_LoadBalancer_1 1-69
2023-04-02 16:27:53,911 INFO o.a.j.t.JMeterThread: Thread is done: Thread_Group_LoadBalancer_1 1-72
2023-04-02 16:27:53,895 INFO o.a.j.t.JMeterThread: Thread is done: Thread_Group_LoadBalancer_1 1-73
2023-04-02 16:27:53,959 INFO o.a.j.t.JMeterThread: Thread finished: Thread_Group_LoadBalancer_1 1-73
2023-04-02 16:27:53,955 INFO o.a.j.t.JMeterThread: Thread finished: Thread_Group_LoadBalancer_1 1-72
2023-04-02 16:27:53,955 INFO o.a.j.t.JMeterThread: Thread finished: Thread_Group_LoadBalancer_1 1-69
2023-04-02 16:27:54,015 INFO o.a.j.t.JMeterThread: Thread is done: Thread_Group_LoadBalancer_1 1-74
2023-04-02 16:27:54,023 INFO o.a.j.t.JMeterThread: Thread finished: Thread_Group_LoadBalancer_1 1-74
2023-04-02 16:27:54,051 INFO o.a.j.t.JMeterThread: Thread is done: Thread_Group_LoadBalancer_1 1-77
2023-04-02 16:27:54,051 INFO o.a.j.t.JMeterThread: Thread finished: Thread_Group_LoadBalancer_1 1-77
2023-04-02 16:27:54,081 INFO o.a.j.t.JMeterThread: Thread is done: Thread_Group_LoadBalancer_1 1-78
2023-04-02 16:27:54,081 INFO o.a.j.t.JMeterThread: Thread finished: Thread_Group_LoadBalancer_1 1-78
2023-04-02 16:27:54,083 INFO o.a.j.t.JMeterThread: Thread is done: Thread_Group_LoadBalancer_1 1-76
2023-04-02 16:27:54,083 INFO o.a.j.t.JMeterThread: Thread finished: Thread_Group_LoadBalancer_1 1-76
2023-04-02 16:27:54,206 INFO o.a.j.t.JMeterThread: Thread is done: Thread_Group_LoadBalancer_1 1-79
2023-04-02 16:27:54,223 INFO o.a.j.t.JMeterThread: Thread finished: Thread_Group_LoadBalancer_1 1-79
2023-04-02 16:27:54,247 INFO o.a.j.t.JMeterThread: Thread is done: Thread_Group_LoadBalancer_1 1-83
2023-04-02 16:27:54,255 INFO o.a.j.t.JMeterThread: Thread finished: Thread_Group_LoadBalancer_1 1-83
2023-04-02 16:27:54,299 INFO o.a.j.t.JMeterThread: Thread is done: Thread_Group_LoadBalancer_1 1-81
2023-04-02 16:27:54,300 INFO o.a.j.t.JMeterThread: Thread finished: Thread_Group_LoadBalancer_1 1-81
2023-04-02 16:27:54,306 INFO o.a.j.t.JMeterThread: Thread is done: Thread_Group_LoadBalancer_1 1-82
2023-04-02 16:27:54,306 INFO o.a.j.t.JMeterThread: Thread finished: Thread_Group_LoadBalancer_1 1-82
2023-04-02 16:27:54,355 INFO o.a.j.t.JMeterThread: Thread is done: Thread_Group_LoadBalancer_1 1-84
2023-04-02 16:27:54,355 INFO o.a.j.t.JMeterThread: Thread finished: Thread_Group_LoadBalancer_1 1-84
2023-04-02 16:27:54,426 INFO o.a.j.t.JMeterThread: Thread is done: Thread_Group_LoadBalancer_1 1-86
2023-04-02 16:27:54,428 INFO o.a.j.t.JMeterThread: Thread finished: Thread_Group_LoadBalancer_1 1-86
2023-04-02 16:27:54,448 INFO o.a.j.t.JMeterThread: Thread is done: Thread_Group_LoadBalancer_1 1-80
2023-04-02 16:27:54,448 INFO o.a.j.t.JMeterThread: Thread finished: Thread_Group_LoadBalancer_1 1-80
2023-04-02 16:27:54,547 INFO o.a.j.t.JMeterThread: Thread is done: Thread_Group_LoadBalancer_1 1-92
2023-04-02 16:27:54,547 INFO o.a.j.t.JMeterThread: Thread finished: Thread_Group_LoadBalancer_1 1-92
2023-04-02 16:27:54,555 INFO o.a.j.t.JMeterThread: Thread is done: Thread_Group_LoadBalancer_1 1-89
2023-04-02 16:27:54,555 INFO o.a.j.t.JMeterThread: Thread finished: Thread_Group_LoadBalancer_1 1-89
2023-04-02 16:27:54,644 INFO o.a.j.t.JMeterThread: Thread is done: Thread_Group_LoadBalancer_1 1-90
2023-04-02 16:27:54,644 INFO o.a.j.t.JMeterThread: Thread finished: Thread_Group_LoadBalancer_1 1-90
2023-04-02 16:27:54,643 INFO o.a.j.t.JMeterThread: Thread is done: Thread_Group_LoadBalancer_1 1-91
2023-04-02 16:27:54,643 INFO o.a.j.t.JMeterThread: Thread finished: Thread_Group_LoadBalancer_1 1-91
2023-04-02 16:27:54,711 INFO o.a.j.t.JMeterThread: Thread is done: Thread_Group_LoadBalancer_1 1-93
2023-04-02 16:27:54,711 INFO o.a.j.t.JMeterThread: Thread finished: Thread_Group_LoadBalancer_1 1-93
2023-04-02 16:27:54,712 INFO o.a.j.t.JMeterThread: Thread is done: Thread_Group_LoadBalancer_1 1-88
2023-04-02 16:27:54,713 INFO o.a.j.t.JMeterThread: Thread finished: Thread_Group_LoadBalancer_1 1-88
2023-04-02 16:27:54,703 INFO o.a.j.t.JMeterThread: Thread is done: Thread_Group_LoadBalancer_1 1-87
2023-04-02 16:27:54,715 INFO o.a.j.t.JMeterThread: Thread finished: Thread_Group_LoadBalancer_1 1-87
2023-04-02 16:27:54,775 INFO o.a.j.t.JMeterThread: Thread is done: Thread_Group_LoadBalancer_1 1-96
2023-04-02 16:27:54,775 INFO o.a.j.t.JMeterThread: Thread finished: Thread_Group_LoadBalancer_1 1-96
2023-04-02 16:27:54,791 INFO o.a.j.t.JMeterThread: Thread is done: Thread_Group_LoadBalancer_1 1-85
2023-04-02 16:27:54,792 INFO o.a.j.t.JMeterThread: Thread is done: Thread_Group_LoadBalancer_1 1-99
2023-04-02 16:27:54,792 INFO o.a.j.t.JMeterThread: Thread finished: Thread_Group_LoadBalancer_1 1-99
2023-04-02 16:27:54,791 INFO o.a.j.t.JMeterThread: Thread finished: Thread_Group_LoadBalancer_1 1-85
2023-04-02 16:27:54,823 INFO o.a.j.t.JMeterThread: Thread is done: Thread_Group_LoadBalancer_1 1-98
2023-04-02 16:27:54,830 INFO o.a.j.t.JMeterThread: Thread finished: Thread_Group_LoadBalancer_1 1-98
2023-04-02 16:27:54,828 INFO o.a.j.t.JMeterThread: Thread is done: Thread_Group_LoadBalancer_1 1-100
2023-04-02 16:27:54,831 INFO o.a.j.t.JMeterThread: Thread finished: Thread_Group_LoadBalancer_1 1-100
2023-04-02 16:27:54,867 INFO o.a.j.t.JMeterThread: Thread is done: Thread_Group_LoadBalancer_1 1-94
2023-04-02 16:27:54,871 INFO o.a.j.t.JMeterThread: Thread finished: Thread_Group_LoadBalancer_1 1-94
2023-04-02 16:27:54,903 INFO o.a.j.t.JMeterThread: Thread is done: Thread_Group_LoadBalancer_1 1-95
2023-04-02 16:27:54,903 INFO o.a.j.t.JMeterThread: Thread finished: Thread_Group_LoadBalancer_1 1-95
2023-04-02 16:27:54,927 INFO o.a.j.t.JMeterThread: Thread is done: Thread_Group_LoadBalancer_1 1-97
2023-04-02 16:27:54,931 INFO o.a.j.t.JMeterThread: Thread finished: Thread_Group_LoadBalancer_1 1-97
2023-04-02 16:27:54,931 INFO o.a.j.e.StandardJMeterEngine: Notifying test listeners of end of test
2023-04-02 16:27:54,931 INFO o.a.j.r.Summariser: summary +   4999 in 00:00:24 =  208.2/s Avg:   264 Min:    21 Max:  1861 Err:     0 (0.00%) Active: 0 Started: 100 Finished: 100
2023-04-02 16:27:54,935 INFO o.a.j.r.Summariser: summary =   5000 in 00:00:24 =  204.9/s Avg:   264 Min:    21 Max:  1861 Err:     0 (0.00%)
2023-04-02 16:27:54,935 INFO o.a.j.JMeter: Generating Dashboard
2023-04-02 16:27:54,935 INFO o.a.j.r.d.ReportGenerator: Flushing result collector before report Generation
2023-04-02 16:27:54,955 INFO o.a.j.r.p.NormalizerSampleConsumer: Using format, 'ms', to parse timeStamp field
2023-04-02 16:27:55,395 INFO o.a.j.r.p.AbstractSampleConsumer: class org.apache.jmeter.report.processor.AggregateConsumer#stopProducing(): beginDate produced 0 samples
2023-04-02 16:27:55,399 INFO o.a.j.r.p.AbstractSampleConsumer: class org.apache.jmeter.report.processor.AggregateConsumer#stopProducing(): endDate produced 0 samples
2023-04-02 16:27:55,399 INFO o.a.j.r.p.AbstractSampleConsumer: class org.apache.jmeter.report.processor.ApdexSummaryConsumer#stopProducing(): apdexSummary produced 0 samples
2023-04-02 16:27:55,399 INFO o.a.j.r.p.AbstractSampleConsumer: class org.apache.jmeter.report.processor.RequestsSummaryConsumer#stopProducing(): requestsSummary produced 0 samples
2023-04-02 16:27:55,411 INFO o.a.j.r.p.AbstractSampleConsumer: class org.apache.jmeter.report.processor.StatisticsSummaryConsumer#stopProducing(): statisticsSummary produced 0 samples
2023-04-02 16:27:55,415 INFO o.a.j.r.p.AbstractSampleConsumer: class org.apache.jmeter.report.processor.Top5ErrorsBySamplerConsumer#stopProducing(): top5ErrorsBySampler produced 0 samples
2023-04-02 16:27:55,419 INFO o.a.j.r.p.AbstractSampleConsumer: class org.apache.jmeter.report.processor.ErrorsSummaryConsumer#stopProducing(): errorsSummary produced 0 samples
2023-04-02 16:27:55,419 INFO o.a.j.r.p.AbstractSampleConsumer: class org.apache.jmeter.report.processor.graph.impl.HitsPerSecondGraphConsumer#stopProducing(): hitsPerSecond produced 0 samples
2023-04-02 16:27:55,497 INFO o.a.j.r.p.AbstractSampleConsumer: class org.apache.jmeter.report.processor.graph.impl.LatencyVSRequestGraphConsumer#stopProducing(): latencyVsRequest produced 0 samples
2023-04-02 16:27:55,499 INFO o.a.j.r.p.AbstractSampleConsumer: class org.apache.jmeter.report.processor.graph.impl.SyntheticResponseTimeDistributionGraphConsumer#stopProducing(): syntheticResponseTimeDistribution produced 0 samples
2023-04-02 16:27:55,500 INFO o.a.j.r.p.AbstractSampleConsumer: class org.apache.jmeter.report.processor.graph.impl.BytesThroughputGraphConsumer#stopProducing(): bytesThroughputOverTime produced 0 samples
2023-04-02 16:27:55,501 INFO o.a.j.r.p.AbstractSampleConsumer: class org.apache.jmeter.report.processor.graph.impl.CodesPerSecondGraphConsumer#stopProducing(): codesPerSecond produced 0 samples
2023-04-02 16:27:55,567 INFO o.a.j.r.p.AbstractSampleConsumer: class org.apache.jmeter.report.processor.graph.impl.ResponseTimeVSRequestGraphConsumer#stopProducing(): responseTimeVsRequest produced 0 samples
2023-04-02 16:27:55,575 INFO o.a.j.r.p.AbstractSampleConsumer: class org.apache.jmeter.report.processor.FilterConsumer#stopProducing(): startIntervalControlerFilter produced 35000 samples
2023-04-02 16:27:55,575 INFO o.a.j.r.p.AbstractSampleConsumer: class org.apache.jmeter.report.processor.graph.impl.TotalTPSGraphConsumer#stopProducing(): totalTPS produced 0 samples
2023-04-02 16:27:55,575 INFO o.a.j.r.p.AbstractSampleConsumer: class org.apache.jmeter.report.processor.graph.impl.ActiveThreadsGraphConsumer#stopProducing(): activeThreadsOverTime produced 0 samples
2023-04-02 16:27:55,575 INFO o.a.j.r.p.AbstractSampleConsumer: class org.apache.jmeter.report.processor.graph.impl.TimeVSThreadGraphConsumer#stopProducing(): timeVsThreads produced 0 samples
2023-04-02 16:27:55,576 INFO o.a.j.r.p.AbstractSampleConsumer: class org.apache.jmeter.report.processor.graph.impl.ResponseTimeDistributionGraphConsumer#stopProducing(): responseTimeDistribution produced 0 samples
2023-04-02 16:27:55,577 INFO o.a.j.r.p.AbstractSampleConsumer: class org.apache.jmeter.report.processor.graph.impl.TransactionsPerSecondGraphConsumer#stopProducing(): transactionsPerSecond produced 0 samples
2023-04-02 16:27:55,577 INFO o.a.j.r.p.AbstractSampleConsumer: class org.apache.jmeter.report.processor.graph.impl.ResponseTimePercentilesGraphConsumer#stopProducing(): responseTimePercentiles produced 0 samples
2023-04-02 16:27:55,582 INFO o.a.j.r.p.AbstractSampleConsumer: class org.apache.jmeter.report.processor.graph.impl.ResponseTimePercentilesOverTimeGraphConsumer#stopProducing(): responseTimePercentilesOverTime produced 0 samples
2023-04-02 16:27:55,585 INFO o.a.j.r.p.AbstractSampleConsumer: class org.apache.jmeter.report.processor.graph.impl.ResponseTimeOverTimeGraphConsumer#stopProducing(): responseTimesOverTime produced 0 samples
2023-04-02 16:27:55,586 INFO o.a.j.r.p.AbstractSampleConsumer: class org.apache.jmeter.report.processor.graph.impl.ConnectTimeOverTimeGraphConsumer#stopProducing(): connectTimeOverTime produced 0 samples
2023-04-02 16:27:55,586 INFO o.a.j.r.p.AbstractSampleConsumer: class org.apache.jmeter.report.processor.graph.impl.LatencyOverTimeGraphConsumer#stopProducing(): latenciesOverTime produced 0 samples
2023-04-02 16:27:55,586 INFO o.a.j.r.p.AbstractSampleConsumer: class org.apache.jmeter.report.processor.FilterConsumer#stopProducing(): nameFilter produced 75000 samples
2023-04-02 16:27:55,586 INFO o.a.j.r.p.AbstractSampleConsumer: class org.apache.jmeter.report.processor.FilterConsumer#stopProducing(): dateRangeFilter produced 15000 samples
2023-04-02 16:27:55,586 INFO o.a.j.r.p.AbstractSampleConsumer: class org.apache.jmeter.report.processor.NormalizerSampleConsumer#stopProducing(): normalizer produced 5000 samples
2023-04-02 16:27:55,587 INFO o.a.j.r.p.CsvFileSampleSource: produce(): 5000 samples produced in 567ms on channel 0
2023-04-02 16:27:55,587 INFO o.a.j.r.d.ReportGenerator: Exporting data using exporter:'json' of className:'org.apache.jmeter.report.dashboard.JsonExporter'
2023-04-02 16:27:55,746 INFO o.a.j.r.d.JsonExporter: Found data for consumer statisticsSummary in context
2023-04-02 16:27:55,746 INFO o.a.j.r.d.JsonExporter: Creating statistics for overall
2023-04-02 16:27:55,748 INFO o.a.j.r.d.JsonExporter: Creating statistics for other transactions
2023-04-02 16:27:55,750 INFO o.a.j.r.d.JsonExporter: Checking output folder
2023-04-02 16:27:55,751 INFO o.a.j.r.d.JsonExporter: Writing statistics JSON to /home/twcam/cloud/lab2/scripts/jmeter/outputs/one_member/hundred/statistics.json
2023-04-02 16:27:55,811 INFO o.a.j.r.d.ReportGenerator: Exporting data using exporter:'html' of className:'org.apache.jmeter.report.dashboard.HtmlTemplateExporter'
2023-04-02 16:27:55,814 INFO o.a.j.r.d.HtmlTemplateExporter: Will generate dashboard in folder: /home/twcam/cloud/lab2/scripts/jmeter/outputs/one_member/hundred
2023-04-02 16:27:55,966 INFO o.a.j.r.d.HtmlTemplateExporter: Report will be generated in: /home/twcam/cloud/lab2/scripts/jmeter/outputs/one_member/hundred, creating folder structure
2023-04-02 16:27:55,971 INFO o.a.j.r.d.TemplateVisitor: Copying folder from '/home/twcam/Downloads/apache-jmeter-5.5/bin/report-template' to '/home/twcam/cloud/lab2/scripts/jmeter/outputs/one_member/hundred', got message: /home/twcam/cloud/lab2/scripts/jmeter/outputs/one_member/hundred, found non empty folder with following content [/home/twcam/cloud/lab2/scripts/jmeter/outputs/one_member/hundred/statistics.json], will be ignored
2023-04-02 16:27:56,322 INFO o.a.j.JMeter: Dashboard generated
